<?xml version="1.0" encoding="UTF-8"?><testsuite errors="0" failures="1" name="Reporte diario de trabajo maxtime" skipped="0" tests="1" time="54.77" timestamp="2019-06-05 04:10:55"><testcase name="Reportar actividades de trabajo de hoy"><failure message="&#10;Expected: an element that is visible&#10;     but: no matching element found by xpath:   //h1/span[contains(text(),'{0}')]" type="java.lang.AssertionError">
Expected: an element that is visible
     but: no matching element found by xpath:   //h1/span[contains(text(),'{0}')]</failure><system-err>
Expected: an element that is visible
     but: no matching element found by xpath:   //h1/span[contains(text(),'{0}')]&#13;
co.com.proyectobase.screenplay.tasks.ReportarDiaLaborado.verificaCarga(ReportarDiaLaborado.java:101)&#13;
co.com.proyectobase.screenplay.tasks.ReportarDiaLaborado.performAs(ReportarDiaLaborado.java:44)&#13;
co.com.proyectobase.screenplay.stepdefinitions.MaxtimeStepDefinition.diligenciaLosDatosNecesariosParaReportar(MaxtimeStepDefinition.java:52)&#13;
cucumber.runner.Runner.runPickle(Runner.java:80)&#13;
</system-err></testcase></testsuite>